# JRE version: OpenJDK Runtime Environment Microsoft-8035246 (17.0.8+7) (build 17.0.8+7-LTS)
# Java VM: OpenJDK 64-Bit Server VM Microsoft-8035246 (17.0.8+7-LTS, mixed mode, sharing, tiered, compressed oops, compressed class ptrs, g1 gc, windows-amd64)
GC Precious Log:
 CPUs: 4 total, 4 available
 Memory: 8078M
 Large Page Support: Disabled
 NUMA Support: Disabled
 Compressed Oops: Enabled (32-bit)
 Heap Region Size: 1M
 Heap Min Capacity: 8M
 Heap Initial Capacity: 128M
 Heap Max Capacity: 2G
 Pre-touch: Disabled
 Parallel Workers: 4
 Concurrent Workers: 1
 Concurrent Refinement Workers: 4
 Periodic GC: Disabled
Heap:
 garbage-first heap   total 284672K, used 231245K [0x0000000080000000, 0x0000000100000000)
  region size 1024K, 55 young (56320K), 5 survivors (5120K)
 Metaspace       used 113252K, committed 114432K, reserved 557056K
  class space    used 15601K, committed 16128K, reserved 425984K
GC Heap History (20 events):
Event: 106.926 GC heap before
{Heap before GC invocations=57 (full 0):
 garbage-first heap   total 186368K, used 157366K [0x0000000080000000, 0x0000000100000000)
  region size 1024K, 47 young (48128K), 7 survivors (7168K)
 Metaspace       used 102771K, committed 103872K, reserved 557056K
  class space    used 14258K, committed 14720K, reserved 425984K
}
Event: 106.952 GC heap after
{Heap after GC invocations=58 (full 0):
 garbage-first heap   total 186368K, used 126718K [0x0000000080000000, 0x0000000100000000)
  region size 1024K, 6 young (6144K), 6 survivors (6144K)
 Metaspace       used 102771K, committed 103872K, reserved 557056K
  class space    used 14258K, committed 14720K, reserved 425984K
}
Event: 109.009 GC heap before
{Heap before GC invocations=58 (full 0):
 garbage-first heap   total 186368K, used 156414K [0x0000000080000000, 0x0000000100000000)
  region size 1024K, 33 young (33792K), 6 survivors (6144K)
 Metaspace       used 103238K, committed 104320K, reserved 557056K
  class space    used 14307K, committed 14784K, reserved 425984K
}
Event: 109.028 GC heap after
{Heap after GC invocations=59 (full 0):
 garbage-first heap   total 186368K, used 135051K [0x0000000080000000, 0x0000000100000000)
  region size 1024K, 5 young (5120K), 5 survivors (5120K)
 Metaspace       used 103238K, committed 104320K, reserved 557056K
  class space    used 14307K, committed 14784K, reserved 425984K
}
Event: 110.704 GC heap before
{Heap before GC invocations=60 (full 0):
 garbage-first heap   total 234496K, used 153483K [0x0000000080000000, 0x0000000100000000)
  region size 1024K, 23 young (23552K), 5 survivors (5120K)
 Metaspace       used 103487K, committed 104640K, reserved 557056K
  class space    used 14339K, committed 14848K, reserved 425984K
}
Event: 110.722 GC heap after
{Heap after GC invocations=61 (full 0):
 garbage-first heap   total 234496K, used 142955K [0x0000000080000000, 0x0000000100000000)
  region size 1024K, 3 young (3072K), 3 survivors (3072K)
 Metaspace       used 103487K, committed 104640K, reserved 557056K
  class space    used 14339K, committed 14848K, reserved 425984K
}
Event: 111.199 GC heap before
{Heap before GC invocations=61 (full 0):
 garbage-first heap   total 234496K, used 151147K [0x0000000080000000, 0x0000000100000000)
  region size 1024K, 11 young (11264K), 3 survivors (3072K)
 Metaspace       used 103563K, committed 104704K, reserved 557056K
  class space    used 14347K, committed 14848K, reserved 425984K
}
Event: 111.214 GC heap after
{Heap after GC invocations=62 (full 0):
 garbage-first heap   total 234496K, used 144859K [0x0000000080000000, 0x0000000100000000)
  region size 1024K, 2 young (2048K), 2 survivors (2048K)
 Metaspace       used 103563K, committed 104704K, reserved 557056K
  class space    used 14347K, committed 14848K, reserved 425984K
}
Event: 113.284 GC heap before
{Heap before GC invocations=62 (full 0):
 garbage-first heap   total 234496K, used 185819K [0x0000000080000000, 0x0000000100000000)
  region size 1024K, 41 young (41984K), 2 survivors (2048K)
 Metaspace       used 104587K, committed 105664K, reserved 557056K
  class space    used 14469K, committed 14976K, reserved 425984K
}
Event: 113.304 GC heap after
{Heap after GC invocations=63 (full 0):
 garbage-first heap   total 284672K, used 153306K [0x0000000080000000, 0x0000000100000000)
  region size 1024K, 6 young (6144K), 6 survivors (6144K)
 Metaspace       used 104587K, committed 105664K, reserved 557056K
  class space    used 14469K, committed 14976K, reserved 425984K
}
Event: 116.511 GC heap before
{Heap before GC invocations=63 (full 0):
 garbage-first heap   total 284672K, used 217818K [0x0000000080000000, 0x0000000100000000)
  region size 1024K, 69 young (70656K), 6 survivors (6144K)
 Metaspace       used 109676K, committed 110848K, reserved 557056K
  class space    used 15177K, committed 15680K, reserved 425984K
}
Event: 116.536 GC heap after
{Heap after GC invocations=64 (full 0):
 garbage-first heap   total 284672K, used 158442K [0x0000000080000000, 0x0000000100000000)
  region size 1024K, 5 young (5120K), 5 survivors (5120K)
 Metaspace       used 109676K, committed 110848K, reserved 557056K
  class space    used 15177K, committed 15680K, reserved 425984K
}
Event: 118.874 GC heap before
{Heap before GC invocations=64 (full 0):
 garbage-first heap   total 284672K, used 222954K [0x0000000080000000, 0x0000000100000000)
  region size 1024K, 68 young (69632K), 5 survivors (5120K)
 Metaspace       used 111466K, committed 112704K, reserved 557056K
  class space    used 15398K, committed 15936K, reserved 425984K
}
Event: 118.902 GC heap after
{Heap after GC invocations=65 (full 0):
 garbage-first heap   total 284672K, used 165633K [0x0000000080000000, 0x0000000100000000)
  region size 1024K, 9 young (9216K), 9 survivors (9216K)
 Metaspace       used 111466K, committed 112704K, reserved 557056K
  class space    used 15398K, committed 15936K, reserved 425984K
}
Event: 120.942 GC heap before
{Heap before GC invocations=65 (full 0):
 garbage-first heap   total 284672K, used 227073K [0x0000000080000000, 0x0000000100000000)
  region size 1024K, 69 young (70656K), 9 survivors (9216K)
 Metaspace       used 111940K, committed 113152K, reserved 557056K
  class space    used 15439K, committed 16000K, reserved 425984K
}
Event: 120.974 GC heap after
{Heap after GC invocations=66 (full 0):
 garbage-first heap   total 284672K, used 172414K [0x0000000080000000, 0x0000000100000000)
  region size 1024K, 7 young (7168K), 7 survivors (7168K)
 Metaspace       used 111940K, committed 113152K, reserved 557056K
  class space    used 15439K, committed 16000K, reserved 425984K
}
Event: 122.642 GC heap before
{Heap before GC invocations=66 (full 0):
 garbage-first heap   total 284672K, used 230782K [0x0000000080000000, 0x0000000100000000)
  region size 1024K, 64 young (65536K), 7 survivors (7168K)
 Metaspace       used 112895K, committed 114112K, reserved 557056K
  class space    used 15559K, committed 16064K, reserved 425984K
}
Event: 122.666 GC heap after
{Heap after GC invocations=67 (full 0):
 garbage-first heap   total 284672K, used 177136K [0x0000000080000000, 0x0000000100000000)
  region size 1024K, 5 young (5120K), 5 survivors (5120K)
 Metaspace       used 112895K, committed 114112K, reserved 557056K
  class space    used 15559K, committed 16064K, reserved 425984K
}
Event: 124.380 GC heap before
{Heap before GC invocations=67 (full 0):
 garbage-first heap   total 284672K, used 233456K [0x0000000080000000, 0x0000000100000000)
  region size 1024K, 60 young (61440K), 5 survivors (5120K)
 Metaspace       used 113247K, committed 114432K, reserved 557056K
  class space    used 15600K, committed 16128K, reserved 425984K
}
Event: 124.401 GC heap after
{Heap after GC invocations=68 (full 0):
 garbage-first heap   total 284672K, used 182093K [0x0000000080000000, 0x0000000100000000)
  region size 1024K, 5 young (5120K), 5 survivors (5120K)
 Metaspace       used 113247K, committed 114432K, reserved 557056K
  class space    used 15600K, committed 16128K, reserved 425984K
}

